var arr = [10,20,30,40,50,60];
undefined
arr.pop();
60
arr.shift();
10
arr.splice(1);
(3) [30, 40, 50]
arr;
[20]
var arr = [10,20,30,40,50,60];
undefined
arr.splice(1,2);
(2) [20, 30]
arr;
(4) [10, 40, 50, 60]
arr.splice(0);
(4) [10, 40, 50, 60]
var arr = [10,20,30,40,50,60];
undefined
arr.push(10000);
7
arr;
(7) [10, 20, 30, 40, 50, 60, 10000]
arr.unshift(2222);
8
arr;
(8) [2222, 10, 20, 30, 40, 50, 60, 10000]
arr.splice(1,0,6666);
[]
arr;
(9) [2222, 6666, 10, 20, 30, 40, 50, 60, 10000]
Array.prototype.insert;
undefined
Array.prototype.insert = function(index, value){
    this.splice(index, 0, value);
    return this.length;
};
ƒ (index, value){
    this.splice(index, 0, value);
    return this.length;
}
arr.insert(4,40000);
10
arr;
(10) [2222, 6666, 10, 20, 40000, 30, 40, 50, 60, 10000]
arr.splice(2,1,7777);
[10]
arr;
(10) [2222, 6666, 7777, 20, 40000, 30, 40, 50, 60, 10000]
Array.prototype.replace =;
VM885:1 Uncaught SyntaxError: Unexpected token ';'
Array.prototype.replace ;
undefined
arr.splice(2,1,7777,3333,4444,555);
[7777]
arr;
(13) [2222, 6666, 7777, 3333, 4444, 555, 20, 40000, 30, 40, 50, 60, 10000]
