// spread vs rest
undefined
// ...
undefined
function show(...a){} // rest
undefined
var t = [100,200,300];
undefined
var t2 = [10,20,30];
undefined
var t3 = [t, t2];
undefined
t3;
(2) [Array(3), Array(3)]0: (3) [100, 200, 300]1: (3) [10, 20, 30]length: 2[[Prototype]]: Array(0)
t3[0];
(3) [100, 200, 300]
t3[1];
(3) [10, 20, 30]
t3[0][2];
300
var t4 = [...t, ...t2];
undefined
t4;
(6) [100, 200, 300, 10, 20, 30]
t4[0] = 1000000;
1000000
t4;
(6) [1000000, 200, 300, 10, 20, 30]
t;
(3) [100, 200, 300]
t2;
(3) [10, 20, 30]
t3;
(2) [Array(3), Array(3)]
t3[0];
(3) [100, 200, 300]
t3[0][0]=9999;
9999
t3;
(2) [Array(3), Array(3)]0: (3) [9999, 200, 300]1: (3) [10, 20, 30]length: 2[[Prototype]]: Array(0)
t;
(3) [9999, 200, 300]
var obj = {id:1001, name:'Tim', city:'Delhi'};
undefined
var obj2 = {id:1002, phone:22222, email:'tim@yahoo.com'};
undefined
var obj5 = {obj, obj2};
undefined
obj5;
{obj: {…}, obj2: {…}}obj: {id: 1001, name: 'Tim', city: 'Delhi'}obj2: {id: 1002, phone: 22222, email: 'tim@yahoo.com'}[[Prototype]]: Object
obj5.obj.id;
1001
obj5.obj2.email;
'tim@yahoo.com'
var obj6= {...obj, ...obj2};
undefined
obj6;
{id: 1002, name: 'Tim', city: 'Delhi', phone: 22222, email: 'tim@yahoo.com'}
